<?xml version="1.0" encoding="utf-8"?><testsuite errors="0" failures="0" name="pytest" skips="0" tests="7" time="2.664"><testcase classname="test_submit" file="test_submit.py" line="11" name="test_modules" time="0.0030019283294677734"></testcase><testcase classname="test_submit" file="test_submit.py" line="17" name="test_q_1" time="0.10778975486755371"></testcase><testcase classname="test_submit" file="test_submit.py" line="20" name="test_q_2" time="0.45145535469055176"></testcase><testcase classname="test_submit" file="test_submit.py" line="23" name="test_q_3" time="0.0030088424682617188"></testcase><testcase classname="test_submit" file="test_submit.py" line="47" name="test_q_4" time="0.0478513240814209"></testcase><testcase classname="test_submit" file="test_submit.py" line="61" name="test_q_5" time="0.0488438606262207"></testcase><testcase classname="test_submit" file="test_submit.py" line="75" name="test_q_6" time="0.01908278465270996"></testcase></testsuite>